<?xml version="1.0" encoding="UTF-8"?>
<!-- Generated by org.testng.reporters.JUnitXMLReporter -->
<testsuite ignored="0" hostname="Ujjvals-MacBook-Pro.local" failures="1" tests="4" name="Open Cart Login Page Test" time="38.972" errors="0" timestamp="17 Apr. 2022 02:50:33 GMT">
  <testcase classname="com.qa.opencart.test.loginpageTest" name="forgotpswTest" time="0.277"/>
  <testcase classname="com.qa.opencart.test.loginpageTest" name="loginPageTitleTest" time="0.032">
    <failure type="java.lang.AssertionError" message="expected [11Account Login] but found [Account Login]">
      <![CDATA[java.lang.AssertionError: expected [11Account Login] but found [Account Login]
at com.qa.opencart.test.loginpageTest.loginPageTitleTest(loginpageTest.java:21)
at java.base/java.util.concurrent.FutureTask.run(FutureTask.java:264)
at java.base/java.util.concurrent.ThreadPoolExecutor.runWorker(ThreadPoolExecutor.java:1130)
at java.base/java.util.concurrent.ThreadPoolExecutor$Worker.run(ThreadPoolExecutor.java:630)
at java.base/java.lang.Thread.run(Thread.java:831)
... Removed 22 stack frames]]>
    </failure>
  </testcase> <!-- loginPageTitleTest -->
  <testcase classname="com.qa.opencart.test.loginpageTest" name="loginPageUrlTest" time="0.019"/>
  <testcase classname="com.qa.opencart.test.loginpageTest" name="loginTest" time="1.611"/>
</testsuite> <!-- Open Cart Login Page Test -->
