<?xml version="1.0" encoding="UTF-8"?>
<testng-results ignored="0" total="8" passed="7" failed="1" skipped="0">
  <reporter-output>
  </reporter-output>
  <suite started-at="2022-04-08T13:28:41Z" name="Open Cart Test Suite" finished-at="2022-04-08T13:28:49Z" duration-ms="7817">
    <groups>
    </groups>
    <test started-at="2022-04-08T13:28:41Z" name="Open Cart Accounts Page Test" finished-at="2022-04-08T13:28:49Z" duration-ms="7497">
      <class name="com.qa.opencart.test.AccountPageTest">
        <test-method is-config="true" signature="setup()[pri:0, instance:com.qa.opencart.test.AccountPageTest@778ca8ef]" started-at="2022-04-08T13:28:41Z" name="setup" finished-at="2022-04-08T13:28:48Z" duration-ms="6398" status="PASS">
          <reporter-output>
          </reporter-output>
        </test-method> <!-- setup -->
        <test-method is-config="true" signature="accPageLogin()[pri:0, instance:com.qa.opencart.test.AccountPageTest@778ca8ef]" started-at="2022-04-08T13:28:48Z" name="accPageLogin" finished-at="2022-04-08T13:28:49Z" duration-ms="943" status="PASS">
          <reporter-output>
          </reporter-output>
        </test-method> <!-- accPageLogin -->
        <test-method signature="accPageTitleTest()[pri:0, instance:com.qa.opencart.test.AccountPageTest@778ca8ef]" started-at="2022-04-08T13:28:49Z" name="accPageTitleTest" finished-at="2022-04-08T13:28:49Z" duration-ms="3" status="PASS">
          <reporter-output>
          </reporter-output>
        </test-method> <!-- accPageTitleTest -->
        <test-method signature="accSectionTest()[pri:0, instance:com.qa.opencart.test.AccountPageTest@778ca8ef]" started-at="2022-04-08T13:28:49Z" name="accSectionTest" finished-at="2022-04-08T13:28:49Z" duration-ms="43" status="PASS">
          <reporter-output>
          </reporter-output>
        </test-method> <!-- accSectionTest -->
        <test-method signature="headerIsExit()[pri:0, instance:com.qa.opencart.test.AccountPageTest@778ca8ef]" started-at="2022-04-08T13:28:49Z" name="headerIsExit" finished-at="2022-04-08T13:28:49Z" duration-ms="15" status="PASS">
          <reporter-output>
          </reporter-output>
        </test-method> <!-- headerIsExit -->
        <test-method signature="serchbarTest()[pri:0, instance:com.qa.opencart.test.AccountPageTest@778ca8ef]" started-at="2022-04-08T13:28:49Z" name="serchbarTest" finished-at="2022-04-08T13:28:49Z" duration-ms="13" status="PASS">
          <reporter-output>
          </reporter-output>
        </test-method> <!-- serchbarTest -->
        <test-method is-config="true" signature="TearDown()[pri:0, instance:com.qa.opencart.test.AccountPageTest@778ca8ef]" started-at="2022-04-08T13:28:49Z" name="TearDown" finished-at="2022-04-08T13:28:49Z" duration-ms="74" status="PASS">
          <reporter-output>
          </reporter-output>
        </test-method> <!-- TearDown -->
      </class> <!-- com.qa.opencart.test.AccountPageTest -->
    </test> <!-- Open Cart Accounts Page Test -->
    <test started-at="2022-04-08T13:28:41Z" name="Open Cart Login Page Test" finished-at="2022-04-08T13:28:49Z" duration-ms="7817">
      <class name="com.qa.opencart.test.loginpageTest">
        <test-method is-config="true" signature="setup()[pri:0, instance:com.qa.opencart.test.loginpageTest@55f45b92]" started-at="2022-04-08T13:28:41Z" name="setup" finished-at="2022-04-08T13:28:48Z" duration-ms="6394" status="PASS">
          <reporter-output>
          </reporter-output>
        </test-method> <!-- setup -->
        <test-method signature="forgotpswTest()[pri:0, instance:com.qa.opencart.test.loginpageTest@55f45b92]" started-at="2022-04-08T13:28:48Z" name="forgotpswTest" finished-at="2022-04-08T13:28:48Z" duration-ms="45" status="PASS">
          <reporter-output>
          </reporter-output>
        </test-method> <!-- forgotpswTest -->
        <test-method signature="loginPageTitleTest()[pri:0, instance:com.qa.opencart.test.loginpageTest@55f45b92]" started-at="2022-04-08T13:28:48Z" name="loginPageTitleTest" finished-at="2022-04-08T13:28:48Z" duration-ms="5" status="FAIL">
          <exception class="java.lang.AssertionError">
            <message>
              <![CDATA[expected [11Account Login] but found [Account Login]]]>
            </message>
            <full-stacktrace>
              <![CDATA[java.lang.AssertionError: expected [11Account Login] but found [Account Login]
at org.testng.Assert.fail(Assert.java:96)
at org.testng.Assert.failNotEquals(Assert.java:776)
at org.testng.Assert.assertEqualsImpl(Assert.java:137)
at org.testng.Assert.assertEquals(Assert.java:118)
at org.testng.Assert.assertEquals(Assert.java:453)
at org.testng.Assert.assertEquals(Assert.java:463)
at com.qa.opencart.test.loginpageTest.loginPageTitleTest(loginpageTest.java:21)
at java.base/jdk.internal.reflect.DirectMethodHandleAccessor.invoke(DirectMethodHandleAccessor.java:104)
at java.base/java.lang.reflect.Method.invoke(Method.java:577)
at org.testng.internal.MethodInvocationHelper.invokeMethod(MethodInvocationHelper.java:124)
at org.testng.internal.Invoker.invokeMethod(Invoker.java:583)
at org.testng.internal.Invoker.invokeTestMethod(Invoker.java:719)
at org.testng.internal.Invoker.invokeTestMethods(Invoker.java:989)
at org.testng.internal.TestMethodWorker.invokeTestMethods(TestMethodWorker.java:125)
at org.testng.internal.TestMethodWorker.run(TestMethodWorker.java:109)
at org.testng.TestRunner.privateRun(TestRunner.java:648)
at org.testng.TestRunner.run(TestRunner.java:505)
at org.testng.SuiteRunner.runTest(SuiteRunner.java:455)
at org.testng.SuiteRunner.access$000(SuiteRunner.java:40)
at org.testng.SuiteRunner$SuiteWorker.run(SuiteRunner.java:489)
at org.testng.internal.thread.ThreadUtil$1.call(ThreadUtil.java:52)
at java.base/java.util.concurrent.FutureTask.run(FutureTask.java:264)
at java.base/java.util.concurrent.ThreadPoolExecutor.runWorker(ThreadPoolExecutor.java:1136)
at java.base/java.util.concurrent.ThreadPoolExecutor$Worker.run(ThreadPoolExecutor.java:635)
at java.base/java.lang.Thread.run(Thread.java:833)
]]>
            </full-stacktrace>
          </exception> <!-- java.lang.AssertionError -->
          <reporter-output>
          </reporter-output>
        </test-method> <!-- loginPageTitleTest -->
        <test-method signature="loginPageUrlTest()[pri:0, instance:com.qa.opencart.test.loginpageTest@55f45b92]" started-at="2022-04-08T13:28:48Z" name="loginPageUrlTest" finished-at="2022-04-08T13:28:48Z" duration-ms="5" status="PASS">
          <reporter-output>
          </reporter-output>
        </test-method> <!-- loginPageUrlTest -->
        <test-method signature="loginTest()[pri:0, instance:com.qa.opencart.test.loginpageTest@55f45b92]" started-at="2022-04-08T13:28:48Z" name="loginTest" finished-at="2022-04-08T13:28:49Z" duration-ms="983" status="PASS">
          <reporter-output>
          </reporter-output>
        </test-method> <!-- loginTest -->
        <test-method is-config="true" signature="TearDown()[pri:0, instance:com.qa.opencart.test.loginpageTest@55f45b92]" started-at="2022-04-08T13:28:49Z" name="TearDown" finished-at="2022-04-08T13:28:49Z" duration-ms="75" status="PASS">
          <reporter-output>
          </reporter-output>
        </test-method> <!-- TearDown -->
      </class> <!-- com.qa.opencart.test.loginpageTest -->
    </test> <!-- Open Cart Login Page Test -->
  </suite> <!-- Open Cart Test Suite -->
</testng-results>
